<?xml version="1.0" encoding="UTF-8"?>
<testsuite name="com.xaniihub.app.data.repository.StepCalorieCalculatorTest" tests="3" skipped="0" failures="0" errors="0" timestamp="2026-09-07T06:43:22" hostname="YONEXXU" time="0.008">
  <properties/>
  <testcase name="stepsWeightAndHeightAffectEstimate" classname="com.xaniihub.app.data.repository.StepCalorieCalculatorTest" time="0.006"/>
  <testcase name="invalidCadenceCannotCreateAnomaly" classname="com.xaniihub.app.data.repository.StepCalorieCalculatorTest" time="0.0"/>
  <testcase name="ordinaryWalkIsARealisticActiveEstimate" classname="com.xaniihub.app.data.repository.StepCalorieCalculatorTest" time="0.0"/>
  <system-out><![CDATA[]]></system-out>
  <system-err><![CDATA[]]></system-err>
</testsuite>
